/*C3*/SET SCHEMA PUBLIC
DELETE FROM EVENT WHERE EVENTID='scsmbstgr4'
INSERT INTO EVENT VALUES('scsmbstgr4',0,1023843500,'APPLICATION_LOG','12345',FALSE)
COMMIT
DISCONNECT
/*C4*/SET SCHEMA PUBLIC
DELETE FROM EVENT WHERE EVENTID='scsmbstgr5'
INSERT INTO EVENT VALUES('scsmbstgr5',0,1023843501,NULL,NULL,FALSE)
COMMIT
DISCONNECT
/*C5*/SET SCHEMA PUBLIC
DELETE FROM EVENT WHERE EVENTID='scsmbstgr6'
INSERT INTO EVENT VALUES('scsmbstgr6',0,1023843506,NULL,NULL,FALSE)
COMMIT
DISCONNECT
/*C6*/SET SCHEMA PUBLIC
DELETE FROM EVENT WHERE EVENTID='scsmbstgr4'
INSERT INTO EVENT VALUES('scsmbstgr4',5,1023843500,'APPLICATION_LOG','12345',TRUE)
COMMIT
DISCONNECT
/*C7*/SET SCHEMA PUBLIC
DELETE FROM EVENT WHERE EVENTID='scsmbstgr6'
INSERT INTO EVENT VALUES('scsmbstgr6',8,1023843506,NULL,NULL,TRUE)
COMMIT
DISCONNECT
